INFO:kivy:[Logger      ] Record log in C:\Users\recy.MOBICAPL\.kivy\logs\kivy_17-10-16_2.txt
INFO:kivy:[Kivy        ] v1.9.2.dev0, git-04b1c58, 20170417
INFO:kivy:[Python      ] v3.6.1 (v3.6.1:69c0db5, Mar 21 2017, 17:54:52) [MSC v.1900 32 bit (Intel)]
INFO:kivy:[Factory     ] 194 symbols loaded
INFO:kivy:[Image       ] Providers: img_tex, img_dds, img_sdl2, img_gif (img_pil, img_ffpyplayer ignored)
INFO:kivy:[OSC         ] using <thread> for socket
INFO:kivy:[Window      ] Provider: sdl2
INFO:kivy:[GL          ] Using the "OpenGL" graphics system
INFO:kivy:[GL          ] GLEW initialization succeeded
INFO:kivy:[GL          ] Backend used <glew>
INFO:kivy:[GL          ] OpenGL version <b'4.0.0 - Build 9.18.10.3293'>
INFO:kivy:[GL          ] OpenGL vendor <b'Intel'>
INFO:kivy:[GL          ] OpenGL renderer <b'Intel(R) HD Graphics 4600'>
INFO:kivy:[GL          ] OpenGL parsed version: 4, 0
INFO:kivy:[GL          ] Shading version <b'4.00 - Build 9.18.10.3293'>
INFO:kivy:[GL          ] Texture max size <8192>
INFO:kivy:[GL          ] Texture max units <16>
INFO:kivy:[Shader      ] fragment shader: <b'No errors.'>
INFO:kivy:[Shader      ] vertex shader: <b'No errors.'>
INFO:kivy:[Shader      ] program: <No errors.>
INFO:kivy:[Window      ] auto add sdl2 input provider
INFO:kivy:[Window      ] virtual keyboard not allowed, single mode, not docked
INFO:kivy:[Text        ] Provider: sdl2
INFO:kivy:[Clipboard   ] Provider: winctypes
ERROR:kivy:Wyst¹pi³ b³¹d aplikacji
Traceback (most recent call last):
  File "C:/Users/recy.MOBICAPL/Dropbox/PYTHON/projekt_cookbook/cookbook_gui_win/app_cookbook.py", line 1248, in <module>
    myapp.run()
  File "C:\Program Files (x86)\Python36-32\lib\site-packages\kivy\app.py", line 801, in run
    self.load_kv(filename=self.kv_file)
  File "C:\Program Files (x86)\Python36-32\lib\site-packages\kivy\app.py", line 598, in load_kv
    root = Builder.load_file(rfilename)
  File "C:\Program Files (x86)\Python36-32\lib\site-packages\kivy\lang\builder.py", line 301, in load_file
    return self.load_string(data, **kwargs)
  File "C:\Program Files (x86)\Python36-32\lib\site-packages\kivy\lang\builder.py", line 350, in load_string
    parser = Parser(content=string, filename=fn)
  File "C:\Program Files (x86)\Python36-32\lib\site-packages\kivy\lang\parser.py", line 392, in __init__
    self.parse(content)
  File "C:\Program Files (x86)\Python36-32\lib\site-packages\kivy\lang\parser.py", line 496, in parse
    objects, remaining_lines = self.parse_level(0, lines)
  File "C:\Program Files (x86)\Python36-32\lib\site-packages\kivy\lang\parser.py", line 600, in parse_level
    level + 1, lines[i:], spaces)
  File "C:\Program Files (x86)\Python36-32\lib\site-packages\kivy\lang\parser.py", line 554, in parse_level
    '%s spaces' % spaces)
kivy.lang.parser.ParserException: Parser: File "C:\Users\recy.MOBICAPL\Dropbox\PYTHON\projekt_cookbook\cookbook_gui_win\cookbook.kv", line 183:
...
    181:    arrow_pos: 'bottom_mid'
    182:    BubbleButton:
>>  183:       text: 'Usun'
    184:       on_press: print('fff')
    185:    BubbleButton:
...
Invalid indentation, must be a multiple of 4 spaces
