INFO:kivy:[Logger      ] Record log in /Users/r3nia/.kivy/logs/kivy_17-10-08_39.txt
INFO:kivy:[Kivy        ] v1.10.0
INFO:kivy:[Python      ] v3.6.3 (default, Oct  4 2017, 06:09:15) 
[GCC 4.2.1 Compatible Apple LLVM 9.0.0 (clang-900.0.37)]
INFO:kivy:[Factory     ] 194 symbols loaded
INFO:kivy:[Image       ] Providers: img_tex, img_imageio, img_dds, img_sdl2, img_gif (img_pil, img_ffpyplayer ignored)
INFO:kivy:[OSC         ] using <multiprocessing> for socket
INFO:kivy:[Window      ] Provider: sdl2
INFO:kivy:[GL          ] Using the "OpenGL ES 2" graphics system
INFO:kivy:[GL          ] Backend used <gl>
INFO:kivy:[GL          ] OpenGL version <b'2.1 INTEL-10.25.13'>
INFO:kivy:[GL          ] OpenGL vendor <b'Intel Inc.'>
INFO:kivy:[GL          ] OpenGL renderer <b'Intel(R) HD Graphics 6000'>
INFO:kivy:[GL          ] OpenGL parsed version: 2, 1
INFO:kivy:[GL          ] Shading version <b'1.20'>
INFO:kivy:[GL          ] Texture max size <16384>
INFO:kivy:[GL          ] Texture max units <16>
INFO:kivy:[Window      ] auto add sdl2 input provider
INFO:kivy:[Window      ] virtual keyboard not allowed, single mode, not docked
INFO:kivy:[Text        ] Provider: sdl2
INFO:kivy:[Clipboard   ] Provider: sdl2(['clipboard_nspaste'] ignored)
WARNING:kivy:stderr: Traceback (most recent call last):
WARNING:kivy:stderr:   File "/Users/r3nia/Dropbox/PYTHON/projekt_cookbook/cookbook_gui_macos/app_cookbook.py", line 59, in <module>
WARNING:kivy:stderr:     from settingsjson import settings_json
WARNING:kivy:stderr:   File "/Users/r3nia/Dropbox/PYTHON/projekt_cookbook/cookbook_gui_macos/settingsjson.py", line 15, in <module>
WARNING:kivy:stderr:     list_with_db_files = create_list_with_files_from_db_file()
WARNING:kivy:stderr:   File "/Users/r3nia/Dropbox/PYTHON/projekt_cookbook/cookbook_gui_macos/settingsjson.py", line 11, in create_list_with_files_from_db_file
WARNING:kivy:stderr:     for file in os.listdir(main_databes_directory_path):
WARNING:kivy:stderr: FileNotFoundError: [Errno 2] No such file or directory: '.\\databes_files\\'
